Started GET "/" for 127.0.0.1 at 2019-03-18 19:07:34 +1100
  
ActiveRecord::NoDatabaseError (FATAL:  database "item_tracker_development" does not exist
):
  
activerecord (5.2.2.1) lib/active_record/connection_adapters/postgresql_adapter.rb:696:in `rescue in connect'
activerecord (5.2.2.1) lib/active_record/connection_adapters/postgresql_adapter.rb:691:in `connect'
activerecord (5.2.2.1) lib/active_record/connection_adapters/postgresql_adapter.rb:223:in `initialize'
activerecord (5.2.2.1) lib/active_record/connection_adapters/postgresql_adapter.rb:48:in `new'
activerecord (5.2.2.1) lib/active_record/connection_adapters/postgresql_adapter.rb:48:in `postgresql_connection'
activerecord (5.2.2.1) lib/active_record/connection_adapters/abstract/connection_pool.rb:811:in `new_connection'
activerecord (5.2.2.1) lib/active_record/connection_adapters/abstract/connection_pool.rb:855:in `checkout_new_connection'
activerecord (5.2.2.1) lib/active_record/connection_adapters/abstract/connection_pool.rb:834:in `try_to_checkout_new_connection'
activerecord (5.2.2.1) lib/active_record/connection_adapters/abstract/connection_pool.rb:795:in `acquire_connection'
activerecord (5.2.2.1) lib/active_record/connection_adapters/abstract/connection_pool.rb:523:in `checkout'
activerecord (5.2.2.1) lib/active_record/connection_adapters/abstract/connection_pool.rb:382:in `connection'
activerecord (5.2.2.1) lib/active_record/connection_adapters/abstract/connection_pool.rb:1010:in `retrieve_connection'
activerecord (5.2.2.1) lib/active_record/connection_handling.rb:118:in `retrieve_connection'
activerecord (5.2.2.1) lib/active_record/connection_handling.rb:90:in `connection'
activerecord (5.2.2.1) lib/active_record/migration.rb:554:in `call'
actionpack (5.2.2.1) lib/action_dispatch/middleware/callbacks.rb:28:in `block in call'
activesupport (5.2.2.1) lib/active_support/callbacks.rb:98:in `run_callbacks'
actionpack (5.2.2.1) lib/action_dispatch/middleware/callbacks.rb:26:in `call'
actionpack (5.2.2.1) lib/action_dispatch/middleware/executor.rb:14:in `call'
actionpack (5.2.2.1) lib/action_dispatch/middleware/debug_exceptions.rb:61:in `call'
web-console (3.7.0) lib/web_console/middleware.rb:135:in `call_app'
web-console (3.7.0) lib/web_console/middleware.rb:30:in `block in call'
web-console (3.7.0) lib/web_console/middleware.rb:20:in `catch'
web-console (3.7.0) lib/web_console/middleware.rb:20:in `call'
actionpack (5.2.2.1) lib/action_dispatch/middleware/show_exceptions.rb:33:in `call'
railties (5.2.2.1) lib/rails/rack/logger.rb:38:in `call_app'
railties (5.2.2.1) lib/rails/rack/logger.rb:26:in `block in call'
activesupport (5.2.2.1) lib/active_support/tagged_logging.rb:71:in `block in tagged'
activesupport (5.2.2.1) lib/active_support/tagged_logging.rb:28:in `tagged'
activesupport (5.2.2.1) lib/active_support/tagged_logging.rb:71:in `tagged'
railties (5.2.2.1) lib/rails/rack/logger.rb:26:in `call'
sprockets-rails (3.2.1) lib/sprockets/rails/quiet_assets.rb:13:in `call'
actionpack (5.2.2.1) lib/action_dispatch/middleware/remote_ip.rb:81:in `call'
actionpack (5.2.2.1) lib/action_dispatch/middleware/request_id.rb:27:in `call'
rack (2.0.6) lib/rack/method_override.rb:22:in `call'
rack (2.0.6) lib/rack/runtime.rb:22:in `call'
activesupport (5.2.2.1) lib/active_support/cache/strategy/local_cache_middleware.rb:29:in `call'
actionpack (5.2.2.1) lib/action_dispatch/middleware/executor.rb:14:in `call'
actionpack (5.2.2.1) lib/action_dispatch/middleware/static.rb:127:in `call'
rack (2.0.6) lib/rack/sendfile.rb:111:in `call'
webpacker (4.0.2) lib/webpacker/dev_server_proxy.rb:29:in `perform_request'
rack-proxy (0.6.5) lib/rack/proxy.rb:57:in `call'
railties (5.2.2.1) lib/rails/engine.rb:524:in `call'
puma (3.12.0) lib/puma/configuration.rb:225:in `call'
puma (3.12.0) lib/puma/server.rb:658:in `handle_request'
puma (3.12.0) lib/puma/server.rb:472:in `process_client'
puma (3.12.0) lib/puma/server.rb:332:in `block in run'
puma (3.12.0) lib/puma/thread_pool.rb:133:in `block in spawn_thread'
  [1m[35m (534.2ms)[0m  [1m[35mCREATE DATABASE "item_tracker_development" ENCODING = 'unicode'[0m
  ↳ bin/rails:9
  [1m[35m (416.4ms)[0m  [1m[35mCREATE DATABASE "item_tracker_test" ENCODING = 'unicode'[0m
  ↳ bin/rails:9
Started GET "/" for 127.0.0.1 at 2019-03-18 19:09:32 +1100
Processing by HomeController#index as HTML
  Rendering home/index.html.erb within layouts/application
  Rendered home/index.html.erb within layouts/application (0.3ms)
Completed 200 OK in 1984ms (Views: 1975.7ms | ActiveRecord: 0.0ms)


Started GET "/" for 127.0.0.1 at 2019-03-18 19:10:30 +1100
Processing by HomeController#index as HTML
  Rendering home/index.html.erb within layouts/application
  Rendered home/index.html.erb within layouts/application (0.4ms)
Completed 200 OK in 32ms (Views: 27.3ms | ActiveRecord: 0.0ms)


Started GET "/" for 127.0.0.1 at 2019-03-18 19:10:44 +1100
Processing by HomeController#index as HTML
  Rendering home/index.html.erb within layouts/application
  Rendered home/index.html.erb within layouts/application (0.4ms)
Completed 200 OK in 29ms (Views: 25.8ms | ActiveRecord: 0.0ms)


  [1m[35m (17.1ms)[0m  [1m[35mCREATE TABLE "schema_migrations" ("version" character varying NOT NULL PRIMARY KEY)[0m
  ↳ bin/rails:9
  [1m[35m (45.5ms)[0m  [1m[35mCREATE TABLE "ar_internal_metadata" ("key" character varying NOT NULL PRIMARY KEY, "value" character varying, "created_at" timestamp NOT NULL, "updated_at" timestamp NOT NULL)[0m
  ↳ bin/rails:9
  [1m[35m (0.8ms)[0m  [1m[34mSELECT pg_try_advisory_lock(3016796294250414795)[0m
  ↳ bin/rails:9
  [1m[35m (0.9ms)[0m  [1m[34mSELECT "schema_migrations"."version" FROM "schema_migrations" ORDER BY "schema_migrations"."version" ASC[0m
  ↳ bin/rails:9
Migrating to CreateUsers (20190318081845)
  [1m[35m (0.4ms)[0m  [1m[35mBEGIN[0m
  ↳ bin/rails:9
  [1m[35m (47.7ms)[0m  [1m[35mCREATE TABLE "users" ("id" bigserial primary key, "name" text, "email" character varying, "password_digest" character varying, "created_at" timestamp NOT NULL, "updated_at" timestamp NOT NULL)[0m
  ↳ db/migrate/20190318081845_create_users.rb:3
  [1m[35m (5.6ms)[0m  [1m[35mCREATE UNIQUE INDEX  "index_users_on_email" ON "users"  ("email")[0m
  ↳ db/migrate/20190318081845_create_users.rb:10
  [1m[36mActiveRecord::SchemaMigration Create (2.7ms)[0m  [1m[32mINSERT INTO "schema_migrations" ("version") VALUES ($1) RETURNING "version"[0m  [["version", "20190318081845"]]
  ↳ bin/rails:9
  [1m[35m (2.3ms)[0m  [1m[35mCOMMIT[0m
  ↳ bin/rails:9
  [1m[36mActiveRecord::InternalMetadata Load (0.8ms)[0m  [1m[34mSELECT  "ar_internal_metadata".* FROM "ar_internal_metadata" WHERE "ar_internal_metadata"."key" = $1 LIMIT $2[0m  [["key", "environment"], ["LIMIT", 1]]
  ↳ bin/rails:9
  [1m[35m (0.2ms)[0m  [1m[35mBEGIN[0m
  ↳ bin/rails:9
  [1m[36mActiveRecord::InternalMetadata Create (40.4ms)[0m  [1m[32mINSERT INTO "ar_internal_metadata" ("key", "value", "created_at", "updated_at") VALUES ($1, $2, $3, $4) RETURNING "key"[0m  [["key", "environment"], ["value", "development"], ["created_at", "2019-03-18 08:18:55.613487"], ["updated_at", "2019-03-18 08:18:55.613487"]]
  ↳ bin/rails:9
  [1m[35m (0.6ms)[0m  [1m[35mCOMMIT[0m
  ↳ bin/rails:9
  [1m[35m (0.5ms)[0m  [1m[34mSELECT pg_advisory_unlock(3016796294250414795)[0m
  ↳ bin/rails:9
  [1m[35m (0.9ms)[0m  [1m[34mSELECT "schema_migrations"."version" FROM "schema_migrations" ORDER BY "schema_migrations"."version" ASC[0m
  ↳ bin/rails:9
Started GET "/" for 127.0.0.1 at 2019-03-18 19:24:53 +1100
  [1m[35m (0.9ms)[0m  [1m[34mSELECT "schema_migrations"."version" FROM "schema_migrations" ORDER BY "schema_migrations"."version" ASC[0m
  ↳ /Users/hansolkim/.rvm/gems/ruby-2.5.3/gems/activerecord-5.2.2.1/lib/active_record/log_subscriber.rb:98
Processing by HomeController#index as HTML
  Rendering home/index.html.erb within layouts/application
  Rendered home/index.html.erb within layouts/application (0.3ms)
Completed 200 OK in 121ms (Views: 117.6ms | ActiveRecord: 0.0ms)


Started GET "/" for 127.0.0.1 at 2019-03-18 19:25:16 +1100
Processing by HomeController#index as HTML
  Rendering home/index.html.erb within layouts/application
  Rendered home/index.html.erb within layouts/application (0.7ms)
Completed 200 OK in 30ms (Views: 27.1ms | ActiveRecord: 0.0ms)


Started GET "/" for 127.0.0.1 at 2019-03-18 19:25:17 +1100
Processing by HomeController#index as HTML
  Rendering home/index.html.erb within layouts/application
  Rendered home/index.html.erb within layouts/application (0.4ms)
Completed 200 OK in 41ms (Views: 38.5ms | ActiveRecord: 0.0ms)


Started GET "/" for 127.0.0.1 at 2019-03-18 19:25:57 +1100
Processing by HomeController#index as HTML
  Rendering home/index.html.erb within layouts/application
  Rendered home/index.html.erb within layouts/application (0.3ms)
Completed 200 OK in 45ms (Views: 41.7ms | ActiveRecord: 0.0ms)


Started GET "/" for 127.0.0.1 at 2019-03-18 19:25:59 +1100
Processing by HomeController#index as HTML
  Rendering home/index.html.erb within layouts/application
  Rendered home/index.html.erb within layouts/application (0.4ms)
Completed 200 OK in 34ms (Views: 31.3ms | ActiveRecord: 0.0ms)


Started GET "/" for 127.0.0.1 at 2019-03-18 19:29:22 +1100
Processing by HomeController#index as HTML
  Rendering home/index.html.erb within layouts/application
[Webpacker] Compiling…
[Webpacker] Compiled all packs in /Users/hansolkim/wdi/projects/project3/item_tracker/public/packs
  Rendered home/index.html.erb within layouts/application (6302.4ms)
Completed 500 Internal Server Error in 6314ms (ActiveRecord: 0.0ms)


  
ActionView::Template::Error (Webpacker can't find index in /Users/hansolkim/wdi/projects/project3/item_tracker/public/packs/manifest.json. Possible causes:
1. You want to set webpacker.yml value of compile to true for your environment
   unless you are using the `webpack -w` or the webpack-dev-server.
2. webpack has not yet re-run to reflect updates.
3. You have misconfigured Webpacker's config/webpacker.yml file.
4. Your webpack configuration is not creating a manifest.
Your manifest contains:
{
  "application.js": "/packs/js/application-15ca4ff86ed16e5ac183.js",
  "application.js.map": "/packs/js/application-15ca4ff86ed16e5ac183.js.map",
  "entrypoints": {
    "application": {
      "js": [
        "/packs/js/application-15ca4ff86ed16e5ac183.js"
      ],
      "js.map": [
        "/packs/js/application-15ca4ff86ed16e5ac183.js.map"
      ]
    },
    "hello_react": {
      "js": [
        "/packs/js/hello_react-134c6f09fb54e3c5fad1.js"
      ],
      "js.map": [
        "/packs/js/hello_react-134c6f09fb54e3c5fad1.js.map"
      ]
    }
  },
  "hello_react.js": "/packs/js/hello_react-134c6f09fb54e3c5fad1.js",
  "hello_react.js.map": "/packs/js/hello_react-134c6f09fb54e3c5fad1.js.map"
}
):
    1: <%= javascript_pack_tag 'index' %>
  
app/views/home/index.html.erb:1:in `_app_views_home_index_html_erb__3813723058112586339_70365225939020'
Started GET "/" for 127.0.0.1 at 2019-03-18 19:33:30 +1100
Processing by HomeController#index as HTML
  Rendering home/index.html.erb within layouts/application
  Rendered home/index.html.erb within layouts/application (9.9ms)
Completed 500 Internal Server Error in 21ms (ActiveRecord: 0.0ms)


  
ActionView::Template::Error (Webpacker can't find index in /Users/hansolkim/wdi/projects/project3/item_tracker/public/packs/manifest.json. Possible causes:
1. You want to set webpacker.yml value of compile to true for your environment
   unless you are using the `webpack -w` or the webpack-dev-server.
2. webpack has not yet re-run to reflect updates.
3. You have misconfigured Webpacker's config/webpacker.yml file.
4. Your webpack configuration is not creating a manifest.
Your manifest contains:
{
  "application.js": "/packs/js/application-15ca4ff86ed16e5ac183.js",
  "application.js.map": "/packs/js/application-15ca4ff86ed16e5ac183.js.map",
  "entrypoints": {
    "application": {
      "js": [
        "/packs/js/application-15ca4ff86ed16e5ac183.js"
      ],
      "js.map": [
        "/packs/js/application-15ca4ff86ed16e5ac183.js.map"
      ]
    },
    "hello_react": {
      "js": [
        "/packs/js/hello_react-134c6f09fb54e3c5fad1.js"
      ],
      "js.map": [
        "/packs/js/hello_react-134c6f09fb54e3c5fad1.js.map"
      ]
    }
  },
  "hello_react.js": "/packs/js/hello_react-134c6f09fb54e3c5fad1.js",
  "hello_react.js.map": "/packs/js/hello_react-134c6f09fb54e3c5fad1.js.map"
}
):
    1: <%= javascript_pack_tag 'index' %>
  
app/views/home/index.html.erb:1:in `_app_views_home_index_html_erb__3813723058112586339_70365268460900'
Started GET "/" for 127.0.0.1 at 2019-03-18 19:38:12 +1100
Processing by HomeController#index as HTML
  Rendering home/index.html.erb within layouts/application
[Webpacker] Compiling…
[Webpacker] Compiled all packs in /Users/hansolkim/wdi/projects/project3/item_tracker/public/packs
  Rendered home/index.html.erb within layouts/application (3202.1ms)
Completed 200 OK in 3290ms (Views: 3287.0ms | ActiveRecord: 0.0ms)


Started GET "/" for 127.0.0.1 at 2019-03-18 19:39:16 +1100
Processing by HomeController#index as HTML
  Rendering home/index.html.erb within layouts/application
[Webpacker] Compiling…
[Webpacker] Compiled all packs in /Users/hansolkim/wdi/projects/project3/item_tracker/public/packs
  Rendered home/index.html.erb within layouts/application (3080.1ms)
Completed 200 OK in 3121ms (Views: 3116.1ms | ActiveRecord: 0.0ms)


Started GET "/" for 127.0.0.1 at 2019-03-18 20:35:16 +1100
Processing by HomeController#index as HTML
  Rendering home/index.html.erb within layouts/application
[Webpacker] Compiling…
[Webpacker] Compiled all packs in /Users/hansolkim/wdi/projects/project3/item_tracker/public/packs
  Rendered home/index.html.erb within layouts/application (3184.5ms)
Completed 200 OK in 3230ms (Views: 3226.2ms | ActiveRecord: 0.0ms)


Started GET "/" for 127.0.0.1 at 2019-03-18 20:35:25 +1100
Processing by HomeController#index as HTML
  Rendering home/index.html.erb within layouts/application
  Rendered home/index.html.erb within layouts/application (9.9ms)
Completed 200 OK in 36ms (Views: 33.1ms | ActiveRecord: 0.0ms)


Started GET "/" for 127.0.0.1 at 2019-03-18 20:36:06 +1100
Processing by HomeController#index as HTML
  Rendering home/index.html.erb within layouts/application
[Webpacker] Compiling…
[Webpacker] Compiled all packs in /Users/hansolkim/wdi/projects/project3/item_tracker/public/packs
  Rendered home/index.html.erb within layouts/application (3147.0ms)
Completed 200 OK in 3181ms (Views: 3176.8ms | ActiveRecord: 0.0ms)


Started GET "/" for 127.0.0.1 at 2019-03-18 20:36:31 +1100
Processing by HomeController#index as HTML
  Rendering home/index.html.erb within layouts/application
[Webpacker] Compiling…
[Webpacker] Compiled all packs in /Users/hansolkim/wdi/projects/project3/item_tracker/public/packs
  Rendered home/index.html.erb within layouts/application (3144.5ms)
Completed 200 OK in 3184ms (Views: 3179.7ms | ActiveRecord: 0.0ms)


